Determining if the pthread_create exist failed with the following output:
Change Dir: /home/ubuntu/catkin_ws/build/CMakeFiles/CMakeTmp

Run Build Command:"/usr/bin/make" "cmTC_743ed/fast"
/usr/bin/make -f CMakeFiles/cmTC_743ed.dir/build.make CMakeFiles/cmTC_743ed.dir/build
make[1]: 进入目录“/home/ubuntu/catkin_ws/build/CMakeFiles/CMakeTmp”
Building C object CMakeFiles/cmTC_743ed.dir/CheckSymbolExists.c.o
/usr/bin/cc    -o CMakeFiles/cmTC_743ed.dir/CheckSymbolExists.c.o   -c /home/ubuntu/catkin_ws/build/CMakeFiles/CMakeTmp/CheckSymbolExists.c
Linking C executable cmTC_743ed
/usr/bin/cmake -E cmake_link_script CMakeFiles/cmTC_743ed.dir/link.txt --verbose=1
/usr/bin/cc      -rdynamic CMakeFiles/cmTC_743ed.dir/CheckSymbolExists.c.o  -o cmTC_743ed 
CMakeFiles/cmTC_743ed.dir/CheckSymbolExists.c.o：在函数‘main’中：
CheckSymbolExists.c:(.text+0x14)：对‘pthread_create’未定义的引用
CheckSymbolExists.c:(.text+0x18)：对‘pthread_create’未定义的引用
collect2: error: ld returned 1 exit status
CMakeFiles/cmTC_743ed.dir/build.make:97: recipe for target 'cmTC_743ed' failed
make[1]: *** [cmTC_743ed] Error 1
make[1]: 离开目录“/home/ubuntu/catkin_ws/build/CMakeFiles/CMakeTmp”
Makefile:126: recipe for target 'cmTC_743ed/fast' failed
make: *** [cmTC_743ed/fast] Error 2

File /home/ubuntu/catkin_ws/build/CMakeFiles/CMakeTmp/CheckSymbolExists.c:
/* */
#include <pthread.h>

int main(int argc, char** argv)
{
  (void)argv;
#ifndef pthread_create
  return ((int*)(&pthread_create))[argc];
#else
  (void)argc;
  return 0;
#endif
}

Determining if the function pthread_create exists in the pthreads failed with the following output:
Change Dir: /home/ubuntu/catkin_ws/build/CMakeFiles/CMakeTmp

Run Build Command:"/usr/bin/make" "cmTC_a825c/fast"
/usr/bin/make -f CMakeFiles/cmTC_a825c.dir/build.make CMakeFiles/cmTC_a825c.dir/build
make[1]: 进入目录“/home/ubuntu/catkin_ws/build/CMakeFiles/CMakeTmp”
Building C object CMakeFiles/cmTC_a825c.dir/CheckFunctionExists.c.o
/usr/bin/cc   -DCHECK_FUNCTION_EXISTS=pthread_create   -o CMakeFiles/cmTC_a825c.dir/CheckFunctionExists.c.o   -c /usr/share/cmake-3.10/Modules/CheckFunctionExists.c
Linking C executable cmTC_a825c
/usr/bin/cmake -E cmake_link_script CMakeFiles/cmTC_a825c.dir/link.txt --verbose=1
/usr/bin/cc  -DCHECK_FUNCTION_EXISTS=pthread_create    -rdynamic CMakeFiles/cmTC_a825c.dir/CheckFunctionExists.c.o  -o cmTC_a825c -lpthreads 
/usr/bin/ld: 找不到 -lpthreads
collect2: error: ld returned 1 exit status
CMakeFiles/cmTC_a825c.dir/build.make:97: recipe for target 'cmTC_a825c' failed
make[1]: *** [cmTC_a825c] Error 1
make[1]: 离开目录“/home/ubuntu/catkin_ws/build/CMakeFiles/CMakeTmp”
Makefile:126: recipe for target 'cmTC_a825c/fast' failed
make: *** [cmTC_a825c/fast] Error 2


Determining if the Q_WS_WIN exist failed with the following output:
Change Dir: /home/ubuntu/catkin_ws/build/CMakeFiles/CMakeTmp

Run Build Command:"/usr/bin/make" "cmTC_ff741/fast"
make[1]: 进入目录“/home/ubuntu/catkin_ws/build/CMakeFiles/CMakeTmp”
/usr/bin/make -f CMakeFiles/cmTC_ff741.dir/build.make CMakeFiles/cmTC_ff741.dir/build
make[2]: 进入目录“/home/ubuntu/catkin_ws/build/CMakeFiles/CMakeTmp”
Building CXX object CMakeFiles/cmTC_ff741.dir/CheckSymbolExists.cxx.o
/usr/bin/c++   -I/usr/include/qt4   -o CMakeFiles/cmTC_ff741.dir/CheckSymbolExists.cxx.o -c /home/ubuntu/catkin_ws/build/CMakeFiles/CMakeTmp/CheckSymbolExists.cxx
/home/ubuntu/catkin_ws/build/CMakeFiles/CMakeTmp/CheckSymbolExists.cxx: In function ‘int main(int, char**)’:
/home/ubuntu/catkin_ws/build/CMakeFiles/CMakeTmp/CheckSymbolExists.cxx:8:19: error: ‘Q_WS_WIN’ was not declared in this scope
   return ((int*)(&Q_WS_WIN))[argc];
                   ^~~~~~~~
/home/ubuntu/catkin_ws/build/CMakeFiles/CMakeTmp/CheckSymbolExists.cxx:8:19: note: suggested alternative: ‘Q_WS_X11’
   return ((int*)(&Q_WS_WIN))[argc];
                   ^~~~~~~~
                   Q_WS_X11
CMakeFiles/cmTC_ff741.dir/build.make:65: recipe for target 'CMakeFiles/cmTC_ff741.dir/CheckSymbolExists.cxx.o' failed
make[2]: *** [CMakeFiles/cmTC_ff741.dir/CheckSymbolExists.cxx.o] Error 1
make[2]: 离开目录“/home/ubuntu/catkin_ws/build/CMakeFiles/CMakeTmp”
Makefile:126: recipe for target 'cmTC_ff741/fast' failed
make[1]: *** [cmTC_ff741/fast] Error 2
make[1]: 离开目录“/home/ubuntu/catkin_ws/build/CMakeFiles/CMakeTmp”

File /home/ubuntu/catkin_ws/build/CMakeFiles/CMakeTmp/CheckSymbolExists.cxx:
/* */
#include <QtCore/qglobal.h>

int main(int argc, char** argv)
{
  (void)argv;
#ifndef Q_WS_WIN
  return ((int*)(&Q_WS_WIN))[argc];
#else
  (void)argc;
  return 0;
#endif
}

Determining if the Q_WS_QWS exist failed with the following output:
Change Dir: /home/ubuntu/catkin_ws/build/CMakeFiles/CMakeTmp

Run Build Command:"/usr/bin/make" "cmTC_7a17d/fast"
make[1]: 进入目录“/home/ubuntu/catkin_ws/build/CMakeFiles/CMakeTmp”
/usr/bin/make -f CMakeFiles/cmTC_7a17d.dir/build.make CMakeFiles/cmTC_7a17d.dir/build
make[2]: 进入目录“/home/ubuntu/catkin_ws/build/CMakeFiles/CMakeTmp”
Building CXX object CMakeFiles/cmTC_7a17d.dir/CheckSymbolExists.cxx.o
/usr/bin/c++   -I/usr/include/qt4   -o CMakeFiles/cmTC_7a17d.dir/CheckSymbolExists.cxx.o -c /home/ubuntu/catkin_ws/build/CMakeFiles/CMakeTmp/CheckSymbolExists.cxx
/home/ubuntu/catkin_ws/build/CMakeFiles/CMakeTmp/CheckSymbolExists.cxx: In function ‘int main(int, char**)’:
/home/ubuntu/catkin_ws/build/CMakeFiles/CMakeTmp/CheckSymbolExists.cxx:8:19: error: ‘Q_WS_QWS’ was not declared in this scope
   return ((int*)(&Q_WS_QWS))[argc];
                   ^~~~~~~~
/home/ubuntu/catkin_ws/build/CMakeFiles/CMakeTmp/CheckSymbolExists.cxx:8:19: note: suggested alternative: ‘Q_WS_X11’
   return ((int*)(&Q_WS_QWS))[argc];
                   ^~~~~~~~
                   Q_WS_X11
CMakeFiles/cmTC_7a17d.dir/build.make:65: recipe for target 'CMakeFiles/cmTC_7a17d.dir/CheckSymbolExists.cxx.o' failed
make[2]: *** [CMakeFiles/cmTC_7a17d.dir/CheckSymbolExists.cxx.o] Error 1
make[2]: 离开目录“/home/ubuntu/catkin_ws/build/CMakeFiles/CMakeTmp”
Makefile:126: recipe for target 'cmTC_7a17d/fast' failed
make[1]: *** [cmTC_7a17d/fast] Error 2
make[1]: 离开目录“/home/ubuntu/catkin_ws/build/CMakeFiles/CMakeTmp”

File /home/ubuntu/catkin_ws/build/CMakeFiles/CMakeTmp/CheckSymbolExists.cxx:
/* */
#include <QtCore/qglobal.h>

int main(int argc, char** argv)
{
  (void)argv;
#ifndef Q_WS_QWS
  return ((int*)(&Q_WS_QWS))[argc];
#else
  (void)argc;
  return 0;
#endif
}

Determining if the Q_WS_MAC exist failed with the following output:
Change Dir: /home/ubuntu/catkin_ws/build/CMakeFiles/CMakeTmp

Run Build Command:"/usr/bin/make" "cmTC_58a09/fast"
make[1]: 进入目录“/home/ubuntu/catkin_ws/build/CMakeFiles/CMakeTmp”
/usr/bin/make -f CMakeFiles/cmTC_58a09.dir/build.make CMakeFiles/cmTC_58a09.dir/build
make[2]: 进入目录“/home/ubuntu/catkin_ws/build/CMakeFiles/CMakeTmp”
Building CXX object CMakeFiles/cmTC_58a09.dir/CheckSymbolExists.cxx.o
/usr/bin/c++   -I/usr/include/qt4   -o CMakeFiles/cmTC_58a09.dir/CheckSymbolExists.cxx.o -c /home/ubuntu/catkin_ws/build/CMakeFiles/CMakeTmp/CheckSymbolExists.cxx
/home/ubuntu/catkin_ws/build/CMakeFiles/CMakeTmp/CheckSymbolExists.cxx: In function ‘int main(int, char**)’:
/home/ubuntu/catkin_ws/build/CMakeFiles/CMakeTmp/CheckSymbolExists.cxx:8:19: error: ‘Q_WS_MAC’ was not declared in this scope
   return ((int*)(&Q_WS_MAC))[argc];
                   ^~~~~~~~
/home/ubuntu/catkin_ws/build/CMakeFiles/CMakeTmp/CheckSymbolExists.cxx:8:19: note: suggested alternative: ‘Q_WS_X11’
   return ((int*)(&Q_WS_MAC))[argc];
                   ^~~~~~~~
                   Q_WS_X11
CMakeFiles/cmTC_58a09.dir/build.make:65: recipe for target 'CMakeFiles/cmTC_58a09.dir/CheckSymbolExists.cxx.o' failed
make[2]: *** [CMakeFiles/cmTC_58a09.dir/CheckSymbolExists.cxx.o] Error 1
make[2]: 离开目录“/home/ubuntu/catkin_ws/build/CMakeFiles/CMakeTmp”
Makefile:126: recipe for target 'cmTC_58a09/fast' failed
make[1]: *** [cmTC_58a09/fast] Error 2
make[1]: 离开目录“/home/ubuntu/catkin_ws/build/CMakeFiles/CMakeTmp”

File /home/ubuntu/catkin_ws/build/CMakeFiles/CMakeTmp/CheckSymbolExists.cxx:
/* */
#include <QtCore/qglobal.h>

int main(int argc, char** argv)
{
  (void)argv;
#ifndef Q_WS_MAC
  return ((int*)(&Q_WS_MAC))[argc];
#else
  (void)argc;
  return 0;
#endif
}

